<?xml version="1.0" encoding="utf-8" standalone="no"?>
<!--This file represents the results of running a test suite-->
<test-results name="C:\Users\Yolomancer\Documents\Visual Studio 2013\Projects\F-Club\FClubTest\bin\Debug\FClubTest.dll" total="1" errors="1" failures="0" not-run="0" inconclusive="0" ignored="0" skipped="0" invalid="0" date="2015-05-13" time="11:04:54">
  <environment nunit-version="2.6.4.14350" clr-version="2.0.50727.8009" os-version="Microsoft Windows NT 6.2.9200.0" platform="Win32NT" cwd="C:\Program Files (x86)\NUnit 2.6.4\bin" machine-name="CRAPPIELAPPIE" user="Yolomancer" user-domain="crappielappie" />
  <culture-info current-culture="da-DK" current-uiculture="da-DK" />
  <test-suite type="Assembly" name="C:\Users\Yolomancer\Documents\Visual Studio 2013\Projects\F-Club\FClubTest\bin\Debug\FClubTest.dll" executed="True" result="Failure" success="False" time="0.003" asserts="0">
    <results>
      <test-suite type="Namespace" name="FClubTest" executed="True" result="Failure" success="False" time="0.003" asserts="0">
        <results>
          <test-suite type="TestFixture" name="UserTest" executed="True" result="Failure" success="False" time="0.002" asserts="0">
            <results>
              <test-case name="FClubTest.UserTest.ValidatesEmail_StringEmail_False" executed="True" result="Error" success="False" time="0.001" asserts="0">
                <failure>
                  <message><![CDATA[System.ArgumentException : Invalid email format (ex@mple.com]]></message>
                  <stack-trace><![CDATA[ved F_Club.User.emailValidator(String email) i c:\Users\Yolomancer\Documents\Visual Studio 2013\Projects\F-Club\F-Club\User.cs:linje 52
ved F_Club.User..ctor(String fname, String lname, String email, String userName) i c:\Users\Yolomancer\Documents\Visual Studio 2013\Projects\F-Club\F-Club\User.cs:linje 32
ved FClubTest.UserTest.ValidatesEmail_StringEmail_False() i c:\Users\Yolomancer\Documents\Visual Studio 2013\Projects\F-Club\FClubTest\Class1.cs:linje 29
]]></stack-trace>
                </failure>
              </test-case>
            </results>
          </test-suite>
        </results>
      </test-suite>
    </results>
  </test-suite>
</test-results>